<?xml version="1.0" encoding="UTF-8" ?>
<testsuite tests="20" failures="0" name="br.inatel.cdg.test.mockito.TesteBuscaDados" time="0.391" errors="0" skipped="0">
  <properties>
[...]
</properties>
  <testcase classname="br.inatel.cdg.test.mockito.TesteBuscaDados" name="testBuscaProfessorChris" time="0.369"/>
  <testcase classname="br.inatel.cdg.test.mockito.TesteBuscaDados" name="testBuscaProfessorRenzo" time="0.001"/>
  <testcase classname="br.inatel.cdg.test.mockito.TesteBuscaDados" name="testNomeDoProfessorCorreto" time="0.001"/>
  <testcase classname="br.inatel.cdg.test.mockito.TesteBuscaDados" name="testNomeDoProfessorIncorreto" time="0.001"/>
  <testcase classname="br.inatel.cdg.test.mockito.TesteBuscaDados" name="testBuscaProfessorYvo" time="0.001"/>
  <testcase classname="br.inatel.cdg.test.mockito.TesteBuscaDados" name="testBuscaProfessorInexistente" time="0.001"/>
  <testcase classname="br.inatel.cdg.test.mockito.TesteBuscaDados" name="testBuscaNomeDoProfessorInexistente" time="0.001"/>
  <testcase classname="br.inatel.cdg.test.mockito.TesteBuscaDados" name="testBuscaNomeDoProfessor" time="0"/>
  <testcase classname="br.inatel.cdg.test.mockito.TesteBuscaDados" name="testBuscaPeriodoDoProfessorInexistente" time="0.002"/>
  <testcase classname="br.inatel.cdg.test.mockito.TesteBuscaDados" name="testBuscaProfessorJoao" time="0.002"/>
  <testcase classname="br.inatel.cdg.test.mockito.TesteBuscaDados" name="testBuscaProfessorMarcelo" time="0.001"/>
  <testcase classname="br.inatel.cdg.test.mockito.TesteBuscaDados" name="testBuscaNomeDoProfessorYvo" time="0.001"/>
  <testcase classname="br.inatel.cdg.test.mockito.TesteBuscaDados" name="testNomeVazio" time="0"/>
  <testcase classname="br.inatel.cdg.test.mockito.TesteBuscaDados" name="testBuscaPeriodoESalaDoProfessorInexistente" time="0.001"/>
  <testcase classname="br.inatel.cdg.test.mockito.TesteBuscaDados" name="testBuscaSalaDoProfessor" time="0.001"/>
  <testcase classname="br.inatel.cdg.test.mockito.TesteBuscaDados" name="testBuscaHorarioDoProfessor" time="0.002"/>
  <testcase classname="br.inatel.cdg.test.mockito.TesteBuscaDados" name="testBuscaDadosDoProfessorInexistente" time="0.002"/>
  <testcase classname="br.inatel.cdg.test.mockito.TesteBuscaDados" name="testBuscaHorarioDoProfessorInexistente" time="0.001"/>
  <testcase classname="br.inatel.cdg.test.mockito.TesteBuscaDados" name="testBuscaSalaDoProfessorInexistente" time="0.002"/>
  <testcase classname="br.inatel.cdg.test.mockito.TesteBuscaDados" name="testNomeNulo" time="0.001"/>
</testsuite>